<?xml version="1.0" encoding="UTF-8"?>
<!-- Generated by org.testng.reporters.JUnitXMLReporter -->
<testsuite ignored="0" hostname="DESKTOP-R2P8A3M" failures="0" tests="8" name="Test" time="88.464" errors="0" timestamp="2025-04-18T19:58:14 PDT">
  <testcase classname="simple.com.simpleProject.LoginTest" name="testLogin" time="12.529"/>
  <testcase classname="simple.com.simpleProject.LoginTest" name="testLogin" time="12.931"/>
  <testcase classname="simple.com.simpleProject.LoginTest" name="testLogin" time="9.861"/>
  <testcase classname="simple.com.simpleProject.LoginTest" name="testLogin" time="15.382"/>
  <testcase classname="simple.com.simpleProject.LoginTest" name="testLogin" time="6.222"/>
  <testcase classname="simple.com.simpleProject.ProductFilter" name="ProductFilteringLowToHigh" time="7.664"/>
  <testcase classname="simple.com.simpleProject.CartOperationTest" name="CartTest" time="8.515"/>
  <testcase classname="simple.com.simpleProject.CheckoutTest" name="testCheckoutProcess" time="12.247"/>
</testsuite> <!-- Test -->
